{
  message: 'App start - development',
  level: 'info',
  timestamp: '14-11-2024 23:18:16'
}
{
  message: 'App start - development',
  level: 'info',
  timestamp: '14-11-2024 23:18:18'
}
{
  message: 'App start - development',
  level: 'info',
  timestamp: '15-11-2024 02:51:56'
}
{
  message: 'App start - development',
  level: 'info',
  timestamp: '15-11-2024 02:55:26'
}
{
  message: 'App start - development',
  level: 'info',
  timestamp: '15-11-2024 02:55:41'
}
{
  message: 'App start - development',
  level: 'info',
  timestamp: '15-11-2024 02:56:24'
}
{
  message: 'App start - development',
  level: 'info',
  timestamp: '15-11-2024 02:56:45'
}
{
  message: 'App start - development',
  level: 'info',
  timestamp: '15-11-2024 02:57:00'
}
{
  message: 'App start - development',
  level: 'info',
  timestamp: '15-11-2024 02:57:03'
}
{
  message: 'App start - development',
  level: 'info',
  timestamp: '15-11-2024 02:57:09'
}
{
  message: 'App start - development',
  level: 'info',
  timestamp: '15-11-2024 02:57:10'
}
{
  message: 'App start - development',
  level: 'info',
  timestamp: '15-11-2024 02:58:11'
}
{
  message: 'App start - development',
  level: 'info',
  timestamp: '15-11-2024 02:58:16'
}
{
  message: 'App start - development',
  level: 'info',
  timestamp: '15-11-2024 02:58:25'
}
{
  message: 'App start - development',
  level: 'info',
  timestamp: '15-11-2024 02:58:33'
}
{
  message: 'App start - development',
  level: 'info',
  timestamp: '15-11-2024 02:58:40'
}
{
  message: 'App start - development',
  level: 'info',
  timestamp: '15-11-2024 02:58:44'
}
{
  message: 'App start - development',
  level: 'info',
  timestamp: '15-11-2024 02:58:46'
}
{
  message: 'App start - development',
  level: 'info',
  timestamp: '15-11-2024 03:00:01'
}
{
  message: 'App start - development',
  level: 'info',
  timestamp: '15-11-2024 03:00:11'
}
{
  message: 'App start - development',
  level: 'info',
  timestamp: '15-11-2024 03:00:17'
}
{
  message: 'App start - development',
  level: 'info',
  timestamp: '15-11-2024 03:00:19'
}
{
  message: 'App start - development',
  level: 'info',
  timestamp: '15-11-2024 03:00:25'
}
{
  message: 'App start - development',
  level: 'info',
  timestamp: '15-11-2024 03:00:27'
}
{
  message: 'App start - development',
  level: 'info',
  timestamp: '15-11-2024 03:00:31'
}
{
  message: 'App start - development',
  level: 'info',
  timestamp: '15-11-2024 03:00:33'
}
{
  message: 'App start - development',
  level: 'info',
  timestamp: '15-11-2024 03:00:36'
}
{
  message: 'App start - development',
  level: 'info',
  timestamp: '15-11-2024 03:00:37'
}
{
  message: 'App start - development',
  level: 'info',
  timestamp: '15-11-2024 03:00:39'
}
{
  message: 'App start - development',
  level: 'info',
  timestamp: '15-11-2024 03:00:43'
}
{
  message: 'App start - development',
  level: 'info',
  timestamp: '15-11-2024 03:02:20'
}
{
  message: 'App start - development',
  level: 'info',
  timestamp: '15-11-2024 03:02:28'
}
{
  message: 'App start - development',
  level: 'info',
  timestamp: '15-11-2024 03:02:43'
}
{
  message: 'App start - development',
  level: 'info',
  timestamp: '15-11-2024 03:02:44'
}
{
  message: 'App start - development',
  level: 'info',
  timestamp: '15-11-2024 03:03:13'
}
{
  message: 'App start - development',
  level: 'info',
  timestamp: '15-11-2024 03:03:24'
}
{
  message: 'App start - development',
  level: 'info',
  timestamp: '15-11-2024 03:03:25'
}
{
  message: 'App start - development',
  level: 'info',
  timestamp: '15-11-2024 03:03:53'
}
{
  message: 'Request received',
  method: 'GET',
  url: '/',
  params: {},
  query: {},
  body: {},
  level: 'info',
  timestamp: '15-11-2024 03:04:09'
}
{
  message: 'Request received',
  method: 'GET',
  url: '/favicon.ico',
  params: {},
  query: {},
  body: {},
  level: 'info',
  timestamp: '15-11-2024 03:04:10'
}
{
  message: 'Request received',
  method: 'GET',
  url: '/',
  params: {},
  query: {},
  body: {},
  level: 'info',
  timestamp: '15-11-2024 03:04:15'
}
{
  message: 'Request received',
  method: 'GET',
  url: '/',
  params: {},
  query: {},
  body: {},
  level: 'info',
  timestamp: '15-11-2024 03:04:19'
}
{
  message: 'Request received',
  method: 'GET',
  url: '/',
  params: {},
  query: {},
  body: {},
  level: 'info',
  timestamp: '15-11-2024 03:04:28'
}
{
  message: 'App start - development',
  level: 'info',
  timestamp: '15-11-2024 03:04:36'
}
{
  message: 'App start - development',
  level: 'info',
  timestamp: '15-11-2024 03:04:38'
}
{
  message: 'App start - development',
  level: 'info',
  timestamp: '15-11-2024 03:04:55'
}
{
  message: 'App start - development',
  level: 'info',
  timestamp: '15-11-2024 03:05:35'
}
{
  message: 'App start - development',
  level: 'info',
  timestamp: '15-11-2024 03:09:17'
}
{
  message: 'Request received',
  method: 'GET',
  url: '/favicon.ico',
  params: {},
  query: {},
  body: {},
  level: 'info',
  timestamp: '15-11-2024 03:09:33'
}
{
  message: 'App start - development',
  level: 'info',
  timestamp: '15-11-2024 03:27:24'
}
