{
  message: 'App start - development',
  level: 'info',
  timestamp: '17-11-2024 06:41:15'
}
{
  message: 'App start - development',
  level: 'info',
  timestamp: '17-11-2024 06:42:51'
}
{
  message: 'App start - development',
  level: 'info',
  timestamp: '17-11-2024 06:42:54'
}
{
  message: 'App start - development',
  level: 'info',
  timestamp: '17-11-2024 06:42:55'
}
{
  message: 'App start - development',
  level: 'info',
  timestamp: '17-11-2024 06:43:02'
}
{
  message: 'App start - development',
  level: 'info',
  timestamp: '17-11-2024 06:45:36'
}
{
  message: 'App start - development',
  level: 'info',
  timestamp: '17-11-2024 07:01:46'
}
{
  message: 'App start - development',
  level: 'info',
  timestamp: '17-11-2024 07:01:51'
}
{
  message: 'App start - development',
  level: 'info',
  timestamp: '17-11-2024 07:01:56'
}
{
  message: 'App start - development',
  level: 'info',
  timestamp: '17-11-2024 07:02:15'
}
{
  message: 'App start - development',
  level: 'info',
  timestamp: '17-11-2024 07:03:56'
}
{
  message: 'App start - development',
  level: 'info',
  timestamp: '17-11-2024 07:03:58'
}
{
  message: 'App start - development',
  level: 'info',
  timestamp: '17-11-2024 07:04:03'
}
{
  message: 'App start - development',
  level: 'info',
  timestamp: '17-11-2024 07:04:05'
}
{
  message: 'App start - development',
  level: 'info',
  timestamp: '17-11-2024 07:04:07'
}
{
  message: 'App start - development',
  level: 'info',
  timestamp: '17-11-2024 07:04:08'
}
{
  message: 'App start - development',
  level: 'info',
  timestamp: '17-11-2024 07:04:12'
}
{
  message: 'App start - development',
  level: 'info',
  timestamp: '17-11-2024 07:04:14'
}
{
  message: 'App start - development',
  level: 'info',
  timestamp: '17-11-2024 07:04:16'
}
{
  message: 'App start - development',
  level: 'info',
  timestamp: '17-11-2024 07:04:18'
}
{
  message: 'App start - development',
  level: 'info',
  timestamp: '17-11-2024 07:04:20'
}
{
  message: 'App start - development',
  level: 'info',
  timestamp: '17-11-2024 07:04:22'
}
{
  message: 'App start - development',
  level: 'info',
  timestamp: '17-11-2024 07:05:21'
}
{
  message: 'App start - development',
  level: 'info',
  timestamp: '17-11-2024 07:07:24'
}
{
  message: 'App start - development',
  level: 'info',
  timestamp: '17-11-2024 07:07:36'
}
{
  message: 'App start - development',
  level: 'info',
  timestamp: '17-11-2024 07:07:37'
}
{
  message: 'App start - development',
  level: 'info',
  timestamp: '17-11-2024 07:08:06'
}
{
  message: 'App start - development',
  level: 'info',
  timestamp: '17-11-2024 07:08:08'
}
{
  message: 'App start - development',
  level: 'info',
  timestamp: '17-11-2024 07:08:11'
}
{
  message: 'App start - development',
  level: 'info',
  timestamp: '17-11-2024 07:08:15'
}
{
  message: 'App start - development',
  level: 'info',
  timestamp: '17-11-2024 07:08:16'
}
{
  message: 'App start - development',
  level: 'info',
  timestamp: '17-11-2024 07:08:27'
}
{
  message: 'App start - development',
  level: 'info',
  timestamp: '17-11-2024 07:08:33'
}
{
  message: 'App start - development',
  level: 'info',
  timestamp: '17-11-2024 07:09:04'
}
{
  message: 'App start - development',
  level: 'info',
  timestamp: '17-11-2024 07:09:21'
}
{
  message: 'App start - development',
  level: 'info',
  timestamp: '17-11-2024 07:10:04'
}
{
  message: 'App start - development',
  level: 'info',
  timestamp: '17-11-2024 07:10:14'
}
{
  message: 'App start - development',
  level: 'info',
  timestamp: '17-11-2024 07:10:17'
}
{
  message: 'App start - development',
  level: 'info',
  timestamp: '17-11-2024 07:10:44'
}
{
  message: 'App start - development',
  level: 'info',
  timestamp: '17-11-2024 07:10:46'
}
{
  message: 'App start - development',
  level: 'info',
  timestamp: '17-11-2024 07:10:53'
}
{
  message: 'App start - development',
  level: 'info',
  timestamp: '17-11-2024 07:11:13'
}
{
  message: 'App start - development',
  level: 'info',
  timestamp: '17-11-2024 07:11:18'
}
{
  message: 'App start - development',
  level: 'info',
  timestamp: '17-11-2024 07:11:21'
}
{
  message: 'App start - development',
  level: 'info',
  timestamp: '17-11-2024 07:11:23'
}
{
  message: 'App start - development',
  level: 'info',
  timestamp: '17-11-2024 07:11:25'
}
{
  message: 'App start - development',
  level: 'info',
  timestamp: '17-11-2024 07:11:26'
}
{
  message: 'App start - development',
  level: 'info',
  timestamp: '17-11-2024 07:11:29'
}
{
  message: 'App start - development',
  level: 'info',
  timestamp: '17-11-2024 07:12:08'
}
{
  message: 'App start - development',
  level: 'info',
  timestamp: '17-11-2024 07:12:31'
}
{
  message: 'App start - development',
  level: 'info',
  timestamp: '17-11-2024 07:13:43'
}
{
  message: 'App start - development',
  level: 'info',
  timestamp: '17-11-2024 07:14:41'
}
{
  message: 'Server is running on port 8080',
  level: 'info',
  timestamp: '17-11-2024 07:23:49'
}
{
  message: 'Server is running on port 8080',
  level: 'info',
  timestamp: '17-11-2024 07:50:26'
}
{
  message: 'Server is running on port 8080',
  level: 'info',
  timestamp: '17-11-2024 07:50:27'
}
{
  message: 'Server is running on port 8080',
  level: 'info',
  timestamp: '17-11-2024 07:50:36'
}
{
  message: 'Server is running on port 8080',
  level: 'info',
  timestamp: '17-11-2024 07:50:40'
}
{
  message: 'Server is running on port 8080',
  level: 'info',
  timestamp: '17-11-2024 07:51:29'
}
{
  message: 'Server is running on port 8080',
  level: 'info',
  timestamp: '17-11-2024 09:13:23'
}
{
  message: 'Server is running on port 8080',
  level: 'info',
  timestamp: '17-11-2024 09:13:38'
}
{
  message: 'Server is running on port 8080',
  level: 'info',
  timestamp: '17-11-2024 09:13:43'
}
{
  message: 'Server is running on port 8080',
  level: 'info',
  timestamp: '17-11-2024 09:13:47'
}
{
  message: 'Server is running on port 8080',
  level: 'info',
  timestamp: '17-11-2024 09:13:51'
}
{
  message: 'Server is running on port 8080',
  level: 'info',
  timestamp: '17-11-2024 09:13:52'
}
{
  message: 'Server is running on port 8080',
  level: 'info',
  timestamp: '17-11-2024 09:14:11'
}
{
  message: 'Server is running on port 8080',
  level: 'info',
  timestamp: '17-11-2024 09:14:55'
}
{
  message: 'Server is running on port 8080',
  level: 'info',
  timestamp: '17-11-2024 09:15:01'
}
{
  message: 'Server is running on port 8080',
  level: 'info',
  timestamp: '17-11-2024 09:15:15'
}
{
  message: 'Server is running on port 8080',
  level: 'info',
  timestamp: '17-11-2024 09:15:17'
}
{
  message: 'Server is running on port 8080',
  level: 'info',
  timestamp: '17-11-2024 09:15:27'
}
{
  message: 'Server is running on port 8080',
  level: 'info',
  timestamp: '17-11-2024 09:15:37'
}
{
  message: 'Request received',
  method: 'POST',
  url: '/api/v1/register',
  params: {},
  query: {},
  body: {
    email: 'Sadye57@yahoo.com',
    full_name: 'Sammy Stamm MD',
    gender: 'Female',
    birth_day: '2025-05-17',
    password: 'dZ@tdMPj1HkQiMlg'
  },
  level: 'info',
  timestamp: '17-11-2024 09:16:19'
}
{
  message: 'User registered with ID: 49a1917b-f066-4a44-9de4-c33eae5761e2',
  level: 'info',
  timestamp: '17-11-2024 09:16:20'
}
{
  message: 'Response sent',
  request: { method: 'POST', url: '/api/v1/register' },
  status: 201,
  data: {
    id: '49a1917b-f066-4a44-9de4-c33eae5761e2',
    email: 'Sadye57@yahoo.com',
    full_name: 'Sammy Stamm MD',
    gender: 'Female',
    birth_day: '2025-05-17',
    password: '***MASKED***',
    foto_url: null,
    created_at: '2024-11-17T02:16:20.095Z',
    updated_at: '2024-11-17T02:16:20.095Z'
  },
  level: 'info',
  timestamp: '17-11-2024 09:16:20'
}
{
  message: 'Server is running on port 8080',
  level: 'info',
  timestamp: '17-11-2024 09:24:39'
}
{
  message: 'Server is running on port 8080',
  level: 'info',
  timestamp: '17-11-2024 09:24:40'
}
{
  message: 'Request received',
  method: 'POST',
  url: '/api/v1/login',
  params: {},
  query: {},
  body: { email: 'Kailyn29@gmail.com', password: 'cZ63YsV2T9qB7hC' },
  level: 'info',
  timestamp: '17-11-2024 09:47:47'
}
{
  message: 'Data is invalid',
  errors: {
    password: 'Password must contain at least one uppercase letter, one lowercase letter, one number, and one special character.'
  },
  level: 'error',
  timestamp: '17-11-2024 09:47:47'
}
{
  message: 'Response sent',
  request: { method: 'POST', url: '/api/v1/login' },
  status: 400,
  errors: { password: '***MASKED***' },
  level: 'info',
  timestamp: '17-11-2024 09:47:47'
}
{
  message: 'Request received',
  method: 'POST',
  url: '/api/v1/login',
  params: {},
  query: {},
  body: { email: 'noppal.901@gmail.com', password: '12345678' },
  level: 'info',
  timestamp: '17-11-2024 09:48:22'
}
{
  message: 'Data is invalid',
  errors: {
    password: 'Password must contain at least one uppercase letter, one lowercase letter, one number, and one special character.'
  },
  level: 'error',
  timestamp: '17-11-2024 09:48:22'
}
{
  message: 'Response sent',
  request: { method: 'POST', url: '/api/v1/login' },
  status: 400,
  errors: { password: '***MASKED***' },
  level: 'info',
  timestamp: '17-11-2024 09:48:22'
}
{
  message: 'Request received',
  method: 'POST',
  url: '/api/v1/login',
  params: {},
  query: {},
  body: { email: 'Luther.Leuschke@gmail.com', password: '@Test123' },
  level: 'info',
  timestamp: '17-11-2024 20:04:46'
}
{
  message: 'User logged in with email: Luther.Leuschke@gmail.com',
  level: 'info',
  timestamp: '17-11-2024 20:04:47'
}
{
  message: 'Response sent',
  request: { method: 'POST', url: '/api/v1/login' },
  status: 200,
  data: 'eyJhbGciOiJIUzUxMiIsInR5cCI6IkpXVCJ9.eyJ1dWlkIjoiODRjNjUxODItMGM2ZC00N2M4LWIzZTctMDY0ZWQ3MGViM2MzIiwiaWF0IjoxNzMxODQ4Njg3LCJleHAiOjE3MzE5MzUwODd9.1tylGoRMLe4LPxB4H4cFnmzOmrICdpT_jL-n3gtt1uh6kjUMbW36M0MfFi90jBxWH3PJmzjr2JlNujFLZ925xg',
  level: 'info',
  timestamp: '17-11-2024 20:04:47'
}
{
  message: 'Request received',
  method: 'POST',
  url: '/api/v1/login',
  params: {},
  query: {},
  body: { email: 'Luther.Leuschke@gmail.com', password: '@Test123' },
  level: 'info',
  timestamp: '17-11-2024 20:05:10'
}
{
  message: 'User logged in with email: Luther.Leuschke@gmail.com',
  level: 'info',
  timestamp: '17-11-2024 20:05:10'
}
{
  message: 'Response sent',
  request: { method: 'POST', url: '/api/v1/login' },
  status: 200,
  data: 'eyJhbGciOiJIUzUxMiIsInR5cCI6IkpXVCJ9.eyJ1dWlkIjoiODRjNjUxODItMGM2ZC00N2M4LWIzZTctMDY0ZWQ3MGViM2MzIiwiaWF0IjoxNzMxODQ4NzEwLCJleHAiOjE3MzE5MzUxMTB9.g9x0K9FfZWz1j7jlXE2Dn_lJYHwdfszr-PbeE2U6t7iXNGiH_mEqOKi_m4yH71HBlYAlA84R0SyzQHfP8EImAg',
  level: 'info',
  timestamp: '17-11-2024 20:05:10'
}
{
  message: 'Request received',
  method: 'POST',
  url: '/api/v1/login',
  params: {},
  query: {},
  body: { email: 'Luther.Leuschke@gmail.com', password: '@Test123' },
  level: 'info',
  timestamp: '17-11-2024 20:05:22'
}
{
  message: 'User logged in with email: Luther.Leuschke@gmail.com',
  level: 'info',
  timestamp: '17-11-2024 20:05:22'
}
{
  message: 'Response sent',
  request: { method: 'POST', url: '/api/v1/login' },
  status: 200,
  data: 'eyJhbGciOiJIUzUxMiIsInR5cCI6IkpXVCJ9.eyJ1dWlkIjoiODRjNjUxODItMGM2ZC00N2M4LWIzZTctMDY0ZWQ3MGViM2MzIiwiaWF0IjoxNzMxODQ4NzIyLCJleHAiOjE3MzE5MzUxMjJ9.FjSQGWG_FdoFl3FjYa5bkoMbVx_t1z31kkMJVCC8ACPBQKVIwGqpKQnELYC0DsXKdO3NMKaxOVMa7cOwNp6j_w',
  level: 'info',
  timestamp: '17-11-2024 20:05:22'
}
{
  message: 'Request received',
  method: 'POST',
  url: '/api/v1/login',
  params: {},
  query: {},
  body: { email: 'Luther.Leuschke@gmail.com', password: '@Test123' },
  level: 'info',
  timestamp: '17-11-2024 20:05:29'
}
{
  message: 'User logged in with email: Luther.Leuschke@gmail.com',
  level: 'info',
  timestamp: '17-11-2024 20:05:29'
}
{
  message: 'Response sent',
  request: { method: 'POST', url: '/api/v1/login' },
  status: 200,
  data: 'eyJhbGciOiJIUzUxMiIsInR5cCI6IkpXVCJ9.eyJ1dWlkIjoiODRjNjUxODItMGM2ZC00N2M4LWIzZTctMDY0ZWQ3MGViM2MzIiwiaWF0IjoxNzMxODQ4NzI5LCJleHAiOjE3MzE5MzUxMjl9.ojFt23WfwJp_8Ak7jDYI3sHO5k2dynGLJPKhjXomeXRXS9VNjC0k3OVONlM8n6jS_uPnWMrQXQ37U7WfOTe3oA',
  level: 'info',
  timestamp: '17-11-2024 20:05:29'
}
{
  message: 'Request received',
  method: 'POST',
  url: '/api/v1/login',
  params: {},
  query: {},
  body: { email: 'Luther.Leuschke@gmail.com', password: '@Test123' },
  level: 'info',
  timestamp: '17-11-2024 20:05:40'
}
{
  message: 'User logged in with email: Luther.Leuschke@gmail.com',
  level: 'info',
  timestamp: '17-11-2024 20:05:40'
}
{
  message: 'Response sent',
  request: { method: 'POST', url: '/api/v1/login' },
  status: 200,
  data: 'eyJhbGciOiJIUzUxMiIsInR5cCI6IkpXVCJ9.eyJ1dWlkIjoiODRjNjUxODItMGM2ZC00N2M4LWIzZTctMDY0ZWQ3MGViM2MzIiwiaWF0IjoxNzMxODQ4NzQwLCJleHAiOjE3MzE5MzUxNDB9.Kd6dMQwGHl8OmO0KBz_t9QIv4Oumy4Vryq7vtugGAX4nJ4bs6SdLgrqJ5YQYqj2_m4TATROWtGJDmYI3uCfpTA',
  level: 'info',
  timestamp: '17-11-2024 20:05:40'
}
{
  message: 'Request received',
  method: 'GET',
  url: '/api/v1/me',
  params: {},
  query: {},
  body: {},
  level: 'info',
  timestamp: '17-11-2024 20:06:01'
}
{
  message: 'Invalid token claims',
  level: 'warn',
  timestamp: '17-11-2024 20:06:01'
}
{
  message: 'Response has no data or errors',
  request: { method: 'GET', url: '/api/v1/me' },
  status: 401,
  level: 'info',
  timestamp: '17-11-2024 20:06:01'
}
{
  message: 'Request received',
  method: 'POST',
  url: '/api/v1/login',
  params: {},
  query: {},
  body: { email: 'Luther.Leuschke@gmail.com', password: '@Test123' },
  level: 'info',
  timestamp: '17-11-2024 20:06:31'
}
{
  message: 'User logged in with email: Luther.Leuschke@gmail.com',
  level: 'info',
  timestamp: '17-11-2024 20:06:31'
}
{
  message: 'Response sent',
  request: { method: 'POST', url: '/api/v1/login' },
  status: 200,
  data: 'eyJhbGciOiJIUzUxMiIsInR5cCI6IkpXVCJ9.eyJ1dWlkIjoiODRjNjUxODItMGM2ZC00N2M4LWIzZTctMDY0ZWQ3MGViM2MzIiwiaWF0IjoxNzMxODQ4NzkxLCJleHAiOjE3MzE5MzUxOTF9.XfVtqsf9Wd77L-VBKwmTENUJnKPu0srdBg5IaX2rcuZxFyeI4umYGyT-zVK-33NGjtZb9h0n5ND0Hn8gzMB0_A',
  level: 'info',
  timestamp: '17-11-2024 20:06:31'
}
{
  message: 'Request received',
  method: 'POST',
  url: '/api/v1/login',
  params: {},
  query: {},
  body: { email: 'Luther.Leuschke@gmail.com', password: '@Test123' },
  level: 'info',
  timestamp: '17-11-2024 20:06:57'
}
{
  message: 'User logged in with email: Luther.Leuschke@gmail.com',
  level: 'info',
  timestamp: '17-11-2024 20:06:57'
}
{
  message: 'Response sent',
  request: { method: 'POST', url: '/api/v1/login' },
  status: 200,
  data: 'eyJhbGciOiJIUzUxMiIsInR5cCI6IkpXVCJ9.eyJ1dWlkIjoiODRjNjUxODItMGM2ZC00N2M4LWIzZTctMDY0ZWQ3MGViM2MzIiwiaWF0IjoxNzMxODQ4ODE3LCJleHAiOjE3MzE5MzUyMTd9._IkkJhzecIhtu_Y0jXSa_ZUlzllWvZpTk_cuF1Lzx-IIcy3QMWYv_HHe4wxWzE3M0kFaYru83fVMWU7bevxj1g',
  level: 'info',
  timestamp: '17-11-2024 20:06:57'
}
{
  message: 'Request received',
  method: 'POST',
  url: '/api/v1/login',
  params: {},
  query: {},
  body: { email: 'Luther.Leuschke@gmail.com', password: '@Test123' },
  level: 'info',
  timestamp: '17-11-2024 20:07:05'
}
{
  message: 'User logged in with email: Luther.Leuschke@gmail.com',
  level: 'info',
  timestamp: '17-11-2024 20:07:05'
}
{
  message: 'Response sent',
  request: { method: 'POST', url: '/api/v1/login' },
  status: 200,
  data: 'eyJhbGciOiJIUzUxMiIsInR5cCI6IkpXVCJ9.eyJ1dWlkIjoiODRjNjUxODItMGM2ZC00N2M4LWIzZTctMDY0ZWQ3MGViM2MzIiwiaWF0IjoxNzMxODQ4ODI1LCJleHAiOjE3MzE5MzUyMjV9.S3w64x5SK_nIF2yPrQ9hSzzdrRH0fJ17Y8ci8rY7ugwvW8WPKaX6bE4h05QFA_ZjvBybJJpYXdeI8PHay8Br7Q',
  level: 'info',
  timestamp: '17-11-2024 20:07:05'
}
{
  message: 'Request received',
  method: 'POST',
  url: '/api/v1/login',
  params: {},
  query: {},
  body: { email: 'Luther.Leuschke@gmail.com', password: '@Test123' },
  level: 'info',
  timestamp: '17-11-2024 20:07:19'
}
{
  message: 'User logged in with email: Luther.Leuschke@gmail.com',
  level: 'info',
  timestamp: '17-11-2024 20:07:19'
}
{
  message: 'Response sent',
  request: { method: 'POST', url: '/api/v1/login' },
  status: 200,
  data: 'eyJhbGciOiJIUzUxMiIsInR5cCI6IkpXVCJ9.eyJ1dWlkIjoiODRjNjUxODItMGM2ZC00N2M4LWIzZTctMDY0ZWQ3MGViM2MzIiwiaWF0IjoxNzMxODQ4ODM5LCJleHAiOjE3MzE5MzUyMzl9.2FCngiwox1IXhXwrZfXUofA-TU9V0XsYCFyXCylXZiyWX34JIzuQWvyp6VU6n7y5zLVHTjm0aWsHdJI-zm6KnQ',
  level: 'info',
  timestamp: '17-11-2024 20:07:19'
}
{
  message: 'Request received',
  method: 'GET',
  url: '/api/v1/me',
  params: {},
  query: {},
  body: {},
  level: 'info',
  timestamp: '17-11-2024 20:07:49'
}
{
  message: 'Invalid token claims',
  level: 'warn',
  timestamp: '17-11-2024 20:07:49'
}
{
  message: 'Response has no data or errors',
  request: { method: 'GET', url: '/api/v1/me' },
  status: 401,
  level: 'info',
  timestamp: '17-11-2024 20:07:49'
}
{
  message: 'Request received',
  method: 'POST',
  url: '/api/v1/login',
  params: {},
  query: {},
  body: { email: 'Luther.Leuschke@gmail.com', password: '@Test123' },
  level: 'info',
  timestamp: '17-11-2024 20:09:04'
}
{
  message: 'User logged in with email: Luther.Leuschke@gmail.com',
  level: 'info',
  timestamp: '17-11-2024 20:09:05'
}
{
  message: 'Response sent',
  request: { method: 'POST', url: '/api/v1/login' },
  status: 200,
  data: 'eyJhbGciOiJIUzUxMiIsInR5cCI6IkpXVCJ9.eyJ1dWlkIjoiODRjNjUxODItMGM2ZC00N2M4LWIzZTctMDY0ZWQ3MGViM2MzIiwiaWF0IjoxNzMxODQ4OTQ0LCJleHAiOjE3MzE5MzUzNDR9.dcQTcYVTkRl_uz7JQIdIhvj966v-3QbZI4a28rCBoU6obfPHSGMoC7zD0rSwwQtSOHqSDsG7_NvKqB48l3XvQA',
  level: 'info',
  timestamp: '17-11-2024 20:09:05'
}
{
  message: 'Request received',
  method: 'GET',
  url: '/api/v1/me',
  params: {},
  query: {},
  body: {},
  level: 'info',
  timestamp: '17-11-2024 20:09:25'
}
{
  message: 'Invalid token claims',
  level: 'warn',
  timestamp: '17-11-2024 20:09:25'
}
{
  message: 'Response has no data or errors',
  request: { method: 'GET', url: '/api/v1/me' },
  status: 401,
  level: 'info',
  timestamp: '17-11-2024 20:09:25'
}
{
  message: 'Server is running on port 8080',
  level: 'info',
  timestamp: '17-11-2024 20:11:54'
}
{
  message: 'Server is running on port 8080',
  level: 'info',
  timestamp: '17-11-2024 20:11:59'
}
{
  message: 'Server is running on port 8080',
  level: 'info',
  timestamp: '17-11-2024 20:12:02'
}
{
  message: 'Server is running on port 8080',
  level: 'info',
  timestamp: '17-11-2024 20:12:19'
}
{
  message: 'Server is running on port 8080',
  level: 'info',
  timestamp: '17-11-2024 20:12:22'
}
